빌드 시작: 2017-03-24 오전 11:26:19
     1>2 노드의 "C:\Users\ymkang\2017GradPBM\2017GradPBM\2017GradPBM\Ex\Ex01_BouncingBall\Ex01_BouncingBall\Ex01_BouncingBall.vcxproj" 프로젝트(rebuild 대상)입니다.
     1>PrepareForBuild:
         "C:\Users\ymkang\2017GradPBM\2017GradPBM\2017GradPBM\Ex\Ex01_BouncingBall\Debug\" 디렉터리를 만들고 있습니다.
       InitializeBuildStatus:
         "AlwaysCreate"이(가) 지정되었기 때문에 "Debug\Ex01_BouncingBall.unsuccessfulbuild"을(를) 만들고 있습니다.
       ClCompile:
         C:\Program Files (x86)\Microsoft Visual Studio 10.0\VC\bin\CL.exe /c /ZI /nologo /W3 /WX- /Od /Oy- /D WIN32 /D _DEBUG /D _CONSOLE /D _UNICODE /D UNICODE /Gm /EHsc /RTC1 /MDd /GS /fp:precise /Zc:wchar_t /Zc:forScope /Fo"Debug\\" /Fd"Debug\vc100.pdb" /Gd /TP /analyze- /errorReport:prompt KangGL.cpp main.cpp
         main.cpp
     1>c:\users\ymkang\2017gradpbm\2017gradpbm\2017gradpbm\ex\ex01_bouncingball\ex01_bouncingball\kanggl.h(32): warning C4244: '인수' : 'double'에서 'GLfloat'(으)로 변환하면서 데이터가 손실될 수 있습니다.
     1>c:\users\ymkang\2017gradpbm\2017gradpbm\2017gradpbm\ex\ex01_bouncingball\ex01_bouncingball\kanggl.h(32): warning C4244: '인수' : 'double'에서 'GLfloat'(으)로 변환하면서 데이터가 손실될 수 있습니다.
     1>c:\users\ymkang\2017gradpbm\2017gradpbm\2017gradpbm\ex\ex01_bouncingball\ex01_bouncingball\kanggl.h(32): warning C4244: '인수' : 'double'에서 'GLfloat'(으)로 변환하면서 데이터가 손실될 수 있습니다.
     1>c:\users\ymkang\2017gradpbm\2017gradpbm\2017gradpbm\ex\ex01_bouncingball\ex01_bouncingball\kanggl.h(54): warning C4244: '인수' : 'double'에서 'GLfloat'(으)로 변환하면서 데이터가 손실될 수 있습니다.
     1>c:\users\ymkang\2017gradpbm\2017gradpbm\2017gradpbm\ex\ex01_bouncingball\ex01_bouncingball\kanggl.h(54): warning C4244: '인수' : 'double'에서 'GLfloat'(으)로 변환하면서 데이터가 손실될 수 있습니다.
     1>c:\users\ymkang\2017gradpbm\2017gradpbm\2017gradpbm\ex\ex01_bouncingball\ex01_bouncingball\kanggl.h(55): warning C4244: '인수' : 'double'에서 'GLfloat'(으)로 변환하면서 데이터가 손실될 수 있습니다.
     1>c:\users\ymkang\2017gradpbm\2017gradpbm\2017gradpbm\ex\ex01_bouncingball\ex01_bouncingball\kanggl.h(55): warning C4244: '인수' : 'double'에서 'GLfloat'(으)로 변환하면서 데이터가 손실될 수 있습니다.
     1>c:\users\ymkang\2017gradpbm\2017gradpbm\2017gradpbm\ex\ex01_bouncingball\ex01_bouncingball\kanggl.h(56): warning C4244: '인수' : 'double'에서 'GLfloat'(으)로 변환하면서 데이터가 손실될 수 있습니다.
     1>c:\users\ymkang\2017gradpbm\2017gradpbm\2017gradpbm\ex\ex01_bouncingball\ex01_bouncingball\kanggl.h(56): warning C4244: '인수' : 'double'에서 'GLfloat'(으)로 변환하면서 데이터가 손실될 수 있습니다.
     1>c:\users\ymkang\2017gradpbm\2017gradpbm\2017gradpbm\ex\ex01_bouncingball\ex01_bouncingball\kanggl.h(57): warning C4244: '인수' : 'double'에서 'GLfloat'(으)로 변환하면서 데이터가 손실될 수 있습니다.
     1>c:\users\ymkang\2017gradpbm\2017gradpbm\2017gradpbm\ex\ex01_bouncingball\ex01_bouncingball\kanggl.h(57): warning C4244: '인수' : 'double'에서 'GLfloat'(으)로 변환하면서 데이터가 손실될 수 있습니다.
     1>c:\users\ymkang\2017gradpbm\2017gradpbm\2017gradpbm\ex\ex01_bouncingball\ex01_bouncingball\kanggl.h(64): warning C4244: '인수' : 'double'에서 'GLfloat'(으)로 변환하면서 데이터가 손실될 수 있습니다.
     1>c:\users\ymkang\2017gradpbm\2017gradpbm\2017gradpbm\ex\ex01_bouncingball\ex01_bouncingball\kanggl.h(64): warning C4244: '인수' : 'double'에서 'GLfloat'(으)로 변환하면서 데이터가 손실될 수 있습니다.
     1>c:\users\ymkang\2017gradpbm\2017gradpbm\2017gradpbm\ex\ex01_bouncingball\ex01_bouncingball\kanggl.h(65): warning C4244: '인수' : 'double'에서 'GLfloat'(으)로 변환하면서 데이터가 손실될 수 있습니다.
     1>c:\users\ymkang\2017gradpbm\2017gradpbm\2017gradpbm\ex\ex01_bouncingball\ex01_bouncingball\kanggl.h(65): warning C4244: '인수' : 'double'에서 'GLfloat'(으)로 변환하면서 데이터가 손실될 수 있습니다.
     1>c:\users\ymkang\2017gradpbm\2017gradpbm\2017gradpbm\ex\ex01_bouncingball\ex01_bouncingball\kanggl.h(66): warning C4244: '인수' : 'double'에서 'GLfloat'(으)로 변환하면서 데이터가 손실될 수 있습니다.
     1>c:\users\ymkang\2017gradpbm\2017gradpbm\2017gradpbm\ex\ex01_bouncingball\ex01_bouncingball\kanggl.h(66): warning C4244: '인수' : 'double'에서 'GLfloat'(으)로 변환하면서 데이터가 손실될 수 있습니다.
     1>c:\users\ymkang\2017gradpbm\2017gradpbm\2017gradpbm\ex\ex01_bouncingball\ex01_bouncingball\kanggl.h(67): warning C4244: '인수' : 'double'에서 'GLfloat'(으)로 변환하면서 데이터가 손실될 수 있습니다.
     1>c:\users\ymkang\2017gradpbm\2017gradpbm\2017gradpbm\ex\ex01_bouncingball\ex01_bouncingball\kanggl.h(67): warning C4244: '인수' : 'double'에서 'GLfloat'(으)로 변환하면서 데이터가 손실될 수 있습니다.
     1>c:\users\ymkang\2017gradpbm\2017gradpbm\2017gradpbm\ex\ex01_bouncingball\ex01_bouncingball\kanggl.h(72): warning C4244: '인수' : 'double'에서 'GLfloat'(으)로 변환하면서 데이터가 손실될 수 있습니다.
     1>c:\users\ymkang\2017gradpbm\2017gradpbm\2017gradpbm\ex\ex01_bouncingball\ex01_bouncingball\kanggl.h(72): warning C4244: '인수' : 'double'에서 'GLfloat'(으)로 변환하면서 데이터가 손실될 수 있습니다.
     1>c:\users\ymkang\2017gradpbm\2017gradpbm\2017gradpbm\ex\ex01_bouncingball\ex01_bouncingball\kanggl.h(73): warning C4244: '인수' : 'double'에서 'GLfloat'(으)로 변환하면서 데이터가 손실될 수 있습니다.
     1>c:\users\ymkang\2017gradpbm\2017gradpbm\2017gradpbm\ex\ex01_bouncingball\ex01_bouncingball\kanggl.h(73): warning C4244: '인수' : 'double'에서 'GLfloat'(으)로 변환하면서 데이터가 손실될 수 있습니다.
     1>c:\users\ymkang\2017gradpbm\2017gradpbm\2017gradpbm\ex\ex01_bouncingball\ex01_bouncingball\kanggl.h(74): warning C4244: '인수' : 'double'에서 'GLfloat'(으)로 변환하면서 데이터가 손실될 수 있습니다.
     1>c:\users\ymkang\2017gradpbm\2017gradpbm\2017gradpbm\ex\ex01_bouncingball\ex01_bouncingball\kanggl.h(74): warning C4244: '인수' : 'double'에서 'GLfloat'(으)로 변환하면서 데이터가 손실될 수 있습니다.
     1>c:\users\ymkang\2017gradpbm\2017gradpbm\2017gradpbm\ex\ex01_bouncingball\ex01_bouncingball\kanggl.h(75): warning C4244: '인수' : 'double'에서 'GLfloat'(으)로 변환하면서 데이터가 손실될 수 있습니다.
     1>c:\users\ymkang\2017gradpbm\2017gradpbm\2017gradpbm\ex\ex01_bouncingball\ex01_bouncingball\kanggl.h(75): warning C4244: '인수' : 'double'에서 'GLfloat'(으)로 변환하면서 데이터가 손실될 수 있습니다.
     1>c:\users\ymkang\2017gradpbm\2017gradpbm\2017gradpbm\ex\ex01_bouncingball\ex01_bouncingball\main.cpp(12): warning C4305: '인수' : 'double'에서 'float'(으)로 잘립니다.
     1>c:\users\ymkang\2017gradpbm\2017gradpbm\2017gradpbm\ex\ex01_bouncingball\ex01_bouncingball\main.cpp(31): warning C4244: '인수' : 'double'에서 'float'(으)로 변환하면서 데이터가 손실될 수 있습니다.
     1>c:\users\ymkang\2017gradpbm\2017gradpbm\2017gradpbm\ex\ex01_bouncingball\ex01_bouncingball\main.cpp(31): warning C4244: '인수' : 'double'에서 'float'(으)로 변환하면서 데이터가 손실될 수 있습니다.
         KangGL.cpp
     1>c:\users\ymkang\2017gradpbm\2017gradpbm\2017gradpbm\ex\ex01_bouncingball\ex01_bouncingball\kanggl.h(32): warning C4244: '인수' : 'double'에서 'GLfloat'(으)로 변환하면서 데이터가 손실될 수 있습니다.
     1>c:\users\ymkang\2017gradpbm\2017gradpbm\2017gradpbm\ex\ex01_bouncingball\ex01_bouncingball\kanggl.h(32): warning C4244: '인수' : 'double'에서 'GLfloat'(으)로 변환하면서 데이터가 손실될 수 있습니다.
     1>c:\users\ymkang\2017gradpbm\2017gradpbm\2017gradpbm\ex\ex01_bouncingball\ex01_bouncingball\kanggl.h(32): warning C4244: '인수' : 'double'에서 'GLfloat'(으)로 변환하면서 데이터가 손실될 수 있습니다.
     1>c:\users\ymkang\2017gradpbm\2017gradpbm\2017gradpbm\ex\ex01_bouncingball\ex01_bouncingball\kanggl.h(54): warning C4244: '인수' : 'double'에서 'GLfloat'(으)로 변환하면서 데이터가 손실될 수 있습니다.
     1>c:\users\ymkang\2017gradpbm\2017gradpbm\2017gradpbm\ex\ex01_bouncingball\ex01_bouncingball\kanggl.h(54): warning C4244: '인수' : 'double'에서 'GLfloat'(으)로 변환하면서 데이터가 손실될 수 있습니다.
     1>c:\users\ymkang\2017gradpbm\2017gradpbm\2017gradpbm\ex\ex01_bouncingball\ex01_bouncingball\kanggl.h(55): warning C4244: '인수' : 'double'에서 'GLfloat'(으)로 변환하면서 데이터가 손실될 수 있습니다.
     1>c:\users\ymkang\2017gradpbm\2017gradpbm\2017gradpbm\ex\ex01_bouncingball\ex01_bouncingball\kanggl.h(55): warning C4244: '인수' : 'double'에서 'GLfloat'(으)로 변환하면서 데이터가 손실될 수 있습니다.
     1>c:\users\ymkang\2017gradpbm\2017gradpbm\2017gradpbm\ex\ex01_bouncingball\ex01_bouncingball\kanggl.h(56): warning C4244: '인수' : 'double'에서 'GLfloat'(으)로 변환하면서 데이터가 손실될 수 있습니다.
     1>c:\users\ymkang\2017gradpbm\2017gradpbm\2017gradpbm\ex\ex01_bouncingball\ex01_bouncingball\kanggl.h(56): warning C4244: '인수' : 'double'에서 'GLfloat'(으)로 변환하면서 데이터가 손실될 수 있습니다.
     1>c:\users\ymkang\2017gradpbm\2017gradpbm\2017gradpbm\ex\ex01_bouncingball\ex01_bouncingball\kanggl.h(57): warning C4244: '인수' : 'double'에서 'GLfloat'(으)로 변환하면서 데이터가 손실될 수 있습니다.
     1>c:\users\ymkang\2017gradpbm\2017gradpbm\2017gradpbm\ex\ex01_bouncingball\ex01_bouncingball\kanggl.h(57): warning C4244: '인수' : 'double'에서 'GLfloat'(으)로 변환하면서 데이터가 손실될 수 있습니다.
     1>c:\users\ymkang\2017gradpbm\2017gradpbm\2017gradpbm\ex\ex01_bouncingball\ex01_bouncingball\kanggl.h(64): warning C4244: '인수' : 'double'에서 'GLfloat'(으)로 변환하면서 데이터가 손실될 수 있습니다.
     1>c:\users\ymkang\2017gradpbm\2017gradpbm\2017gradpbm\ex\ex01_bouncingball\ex01_bouncingball\kanggl.h(64): warning C4244: '인수' : 'double'에서 'GLfloat'(으)로 변환하면서 데이터가 손실될 수 있습니다.
     1>c:\users\ymkang\2017gradpbm\2017gradpbm\2017gradpbm\ex\ex01_bouncingball\ex01_bouncingball\kanggl.h(65): warning C4244: '인수' : 'double'에서 'GLfloat'(으)로 변환하면서 데이터가 손실될 수 있습니다.
     1>c:\users\ymkang\2017gradpbm\2017gradpbm\2017gradpbm\ex\ex01_bouncingball\ex01_bouncingball\kanggl.h(65): warning C4244: '인수' : 'double'에서 'GLfloat'(으)로 변환하면서 데이터가 손실될 수 있습니다.
     1>c:\users\ymkang\2017gradpbm\2017gradpbm\2017gradpbm\ex\ex01_bouncingball\ex01_bouncingball\kanggl.h(66): warning C4244: '인수' : 'double'에서 'GLfloat'(으)로 변환하면서 데이터가 손실될 수 있습니다.
     1>c:\users\ymkang\2017gradpbm\2017gradpbm\2017gradpbm\ex\ex01_bouncingball\ex01_bouncingball\kanggl.h(66): warning C4244: '인수' : 'double'에서 'GLfloat'(으)로 변환하면서 데이터가 손실될 수 있습니다.
     1>c:\users\ymkang\2017gradpbm\2017gradpbm\2017gradpbm\ex\ex01_bouncingball\ex01_bouncingball\kanggl.h(67): warning C4244: '인수' : 'double'에서 'GLfloat'(으)로 변환하면서 데이터가 손실될 수 있습니다.
     1>c:\users\ymkang\2017gradpbm\2017gradpbm\2017gradpbm\ex\ex01_bouncingball\ex01_bouncingball\kanggl.h(67): warning C4244: '인수' : 'double'에서 'GLfloat'(으)로 변환하면서 데이터가 손실될 수 있습니다.
     1>c:\users\ymkang\2017gradpbm\2017gradpbm\2017gradpbm\ex\ex01_bouncingball\ex01_bouncingball\kanggl.h(72): warning C4244: '인수' : 'double'에서 'GLfloat'(으)로 변환하면서 데이터가 손실될 수 있습니다.
     1>c:\users\ymkang\2017gradpbm\2017gradpbm\2017gradpbm\ex\ex01_bouncingball\ex01_bouncingball\kanggl.h(72): warning C4244: '인수' : 'double'에서 'GLfloat'(으)로 변환하면서 데이터가 손실될 수 있습니다.
     1>c:\users\ymkang\2017gradpbm\2017gradpbm\2017gradpbm\ex\ex01_bouncingball\ex01_bouncingball\kanggl.h(73): warning C4244: '인수' : 'double'에서 'GLfloat'(으)로 변환하면서 데이터가 손실될 수 있습니다.
     1>c:\users\ymkang\2017gradpbm\2017gradpbm\2017gradpbm\ex\ex01_bouncingball\ex01_bouncingball\kanggl.h(73): warning C4244: '인수' : 'double'에서 'GLfloat'(으)로 변환하면서 데이터가 손실될 수 있습니다.
     1>c:\users\ymkang\2017gradpbm\2017gradpbm\2017gradpbm\ex\ex01_bouncingball\ex01_bouncingball\kanggl.h(74): warning C4244: '인수' : 'double'에서 'GLfloat'(으)로 변환하면서 데이터가 손실될 수 있습니다.
     1>c:\users\ymkang\2017gradpbm\2017gradpbm\2017gradpbm\ex\ex01_bouncingball\ex01_bouncingball\kanggl.h(74): warning C4244: '인수' : 'double'에서 'GLfloat'(으)로 변환하면서 데이터가 손실될 수 있습니다.
     1>c:\users\ymkang\2017gradpbm\2017gradpbm\2017gradpbm\ex\ex01_bouncingball\ex01_bouncingball\kanggl.h(75): warning C4244: '인수' : 'double'에서 'GLfloat'(으)로 변환하면서 데이터가 손실될 수 있습니다.
     1>c:\users\ymkang\2017gradpbm\2017gradpbm\2017gradpbm\ex\ex01_bouncingball\ex01_bouncingball\kanggl.h(75): warning C4244: '인수' : 'double'에서 'GLfloat'(으)로 변환하면서 데이터가 손실될 수 있습니다.
     1>c:\users\ymkang\2017gradpbm\2017gradpbm\2017gradpbm\ex\ex01_bouncingball\ex01_bouncingball\kanggl.cpp(133): warning C4244: '+=' : 'double'에서 'LONGLONG'(으)로 변환하면서 데이터가 손실될 수 있습니다.
     1>c:\users\ymkang\2017gradpbm\2017gradpbm\2017gradpbm\ex\ex01_bouncingball\ex01_bouncingball\kanggl.cpp(194): warning C4244: '초기화 중' : 'double'에서 'float'(으)로 변환하면서 데이터가 손실될 수 있습니다.
         코드를 생성하고 있습니다...
       ManifestResourceCompile:
         C:\Program Files (x86)\Microsoft SDKs\Windows\v7.0A\bin\rc.exe /nologo /fo"Debug\Ex01_BouncingBall.exe.embed.manifest.res" Debug\Ex01_BouncingBall_manifest.rc 
       Link:
         C:\Program Files (x86)\Microsoft Visual Studio 10.0\VC\bin\link.exe /ERRORREPORT:PROMPT /OUT:"C:\Users\ymkang\2017GradPBM\2017GradPBM\2017GradPBM\Ex\Ex01_BouncingBall\Debug\Ex01_BouncingBall.exe" /INCREMENTAL /NOLOGO kernel32.lib user32.lib gdi32.lib winspool.lib comdlg32.lib advapi32.lib shell32.lib ole32.lib oleaut32.lib uuid.lib odbc32.lib odbccp32.lib /MANIFEST /ManifestFile:"Debug\Ex01_BouncingBall.exe.intermediate.manifest" /MANIFESTUAC:"level='asInvoker' uiAccess='false'" /DEBUG /PDB:"C:\Users\ymkang\2017GradPBM\2017GradPBM\2017GradPBM\Ex\Ex01_BouncingBall\Debug\Ex01_BouncingBall.pdb" /SUBSYSTEM:CONSOLE /TLBID:1 /DYNAMICBASE /NXCOMPAT /IMPLIB:"C:\Users\ymkang\2017GradPBM\2017GradPBM\2017GradPBM\Ex\Ex01_BouncingBall\Debug\Ex01_BouncingBall.lib" /MACHINE:X86 Debug\Ex01_BouncingBall.exe.embed.manifest.res
         Debug\KangGL.obj
         Debug\main.obj
     1>LINK : fatal error LNK1123: COFF로 변환하는 동안 오류가 발생했습니다. 파일이 잘못되었거나 손상되었습니다.
     1>"C:\Users\ymkang\2017GradPBM\2017GradPBM\2017GradPBM\Ex\Ex01_BouncingBall\Ex01_BouncingBall\Ex01_BouncingBall.vcxproj" 프로젝트를 빌드했습니다(rebuild 대상). - 실패

빌드하지 못했습니다.

경과 시간: 00:00:05.53
